<?xml version="1.0" encoding="UTF-8"?>
<testsuites name="jest tests" tests="4" failures="4" time="1.396">
  <testsuite name="Get Shopping Cart" errors="0" failures="4" skipped="0" timestamp="2020-05-06T02:47:46" time="0.686" tests="4">
    <testcase classname="Get Shopping Cart Deve retornar um carrinho de compras a partir do array de IDs do exemplo 1" name="Get Shopping Cart Deve retornar um carrinho de compras a partir do array de IDs do exemplo 1" time="0.008">
      <failure>Error: expect(received).toEqual(expected) // deep equality

- Expected  - 3
+ Received  + 3

@@ -1,8 +1,8 @@
  Object {
-   &quot;discount&quot;: &quot;15.63%&quot;,
-   &quot;discountValue&quot;: &quot;75.00&quot;,
+   &quot;discount&quot;: &quot;0%&quot;,
+   &quot;discountValue&quot;: &quot;0&quot;,
    &quot;products&quot;: Array [
      Object {
        &quot;category&quot;: &quot;T-SHIRTS&quot;,
        &quot;name&quot;: &quot;DISNEY CRUELLA© T-SHIRT&quot;,
      },
@@ -18,7 +18,7 @@
        &quot;category&quot;: &quot;BAGS&quot;,
        &quot;name&quot;: &quot;SOFT FLAP BACKPACK&quot;,
      },
    ],
    &quot;promotion&quot;: &quot;FULL LOOK&quot;,
-   &quot;totalPrice&quot;: &quot;404.96&quot;,
+   &quot;totalPrice&quot;: &quot;479.96000000000004&quot;,
  }
    at Object.&lt;anonymous&gt; (C:\Users\gusta\codenation\nodejs-12\test\index.test.js:62:16)
    at Object.asyncJestTest (C:\Users\gusta\codenation\nodejs-12\node_modules\jest-jasmine2\build\jasmineAsyncInstall.js:100:37)
    at C:\Users\gusta\codenation\nodejs-12\node_modules\jest-jasmine2\build\queueRunner.js:45:12
    at new Promise (&lt;anonymous&gt;)
    at mapper (C:\Users\gusta\codenation\nodejs-12\node_modules\jest-jasmine2\build\queueRunner.js:28:19)
    at C:\Users\gusta\codenation\nodejs-12\node_modules\jest-jasmine2\build\queueRunner.js:75:41
    at processTicksAndRejections (internal/process/task_queues.js:97:5)</failure>
    </testcase>
    <testcase classname="Get Shopping Cart Deve retornar um carrinho de compras a partir do array de IDs do exemplo 2" name="Get Shopping Cart Deve retornar um carrinho de compras a partir do array de IDs do exemplo 2" time="0.002">
      <failure>Error: expect(received).toEqual(expected) // deep equality

- Expected  - 3
+ Received  + 3

@@ -1,8 +1,8 @@
  Object {
-   &quot;discount&quot;: &quot;4.72%&quot;,
-   &quot;discountValue&quot;: &quot;25.00&quot;,
+   &quot;discount&quot;: &quot;0%&quot;,
+   &quot;discountValue&quot;: &quot;0&quot;,
    &quot;products&quot;: Array [
      Object {
        &quot;category&quot;: &quot;T-SHIRTS&quot;,
        &quot;name&quot;: &quot;RUBBERIZED PRINTED T-SHIRT&quot;,
      },
@@ -18,7 +18,7 @@
        &quot;category&quot;: &quot;PANTS&quot;,
        &quot;name&quot;: &quot;MENSWEAR PANTS&quot;,
      },
    ],
    &quot;promotion&quot;: &quot;DOUBLE LOOK&quot;,
-   &quot;totalPrice&quot;: &quot;504.95&quot;,
+   &quot;totalPrice&quot;: &quot;529.95&quot;,
  }
    at Object.&lt;anonymous&gt; (C:\Users\gusta\codenation\nodejs-12\test\index.test.js:68:16)
    at Object.asyncJestTest (C:\Users\gusta\codenation\nodejs-12\node_modules\jest-jasmine2\build\jasmineAsyncInstall.js:100:37)
    at C:\Users\gusta\codenation\nodejs-12\node_modules\jest-jasmine2\build\queueRunner.js:45:12
    at new Promise (&lt;anonymous&gt;)
    at mapper (C:\Users\gusta\codenation\nodejs-12\node_modules\jest-jasmine2\build\queueRunner.js:28:19)
    at C:\Users\gusta\codenation\nodejs-12\node_modules\jest-jasmine2\build\queueRunner.js:75:41
    at processTicksAndRejections (internal/process/task_queues.js:97:5)</failure>
    </testcase>
    <testcase classname="Get Shopping Cart Deve retornar um carrinho de compras a partir do array de IDs do exemplo 3" name="Get Shopping Cart Deve retornar um carrinho de compras a partir do array de IDs do exemplo 3" time="0.001">
      <failure>Error: expect(received).toEqual(expected) // deep equality

- Expected  - 3
+ Received  + 3

@@ -1,8 +1,8 @@
  Object {
-   &quot;discount&quot;: &quot;1.87%&quot;,
-   &quot;discountValue&quot;: &quot;10.00&quot;,
+   &quot;discount&quot;: &quot;0%&quot;,
+   &quot;discountValue&quot;: &quot;0&quot;,
    &quot;products&quot;: Array [
      Object {
        &quot;category&quot;: &quot;T-SHIRTS&quot;,
        &quot;name&quot;: &quot;PINK PANTHER™ T-SHIRT&quot;,
      },
@@ -18,7 +18,7 @@
        &quot;category&quot;: &quot;T-SHIRTS&quot;,
        &quot;name&quot;: &quot;CONTRAST SLOGAN T-SHIRT&quot;,
      },
    ],
    &quot;promotion&quot;: &quot;SINGLE LOOK&quot;,
-   &quot;totalPrice&quot;: &quot;524.96&quot;,
+   &quot;totalPrice&quot;: &quot;534.96&quot;,
  }
    at Object.&lt;anonymous&gt; (C:\Users\gusta\codenation\nodejs-12\test\index.test.js:74:16)
    at Object.asyncJestTest (C:\Users\gusta\codenation\nodejs-12\node_modules\jest-jasmine2\build\jasmineAsyncInstall.js:100:37)
    at C:\Users\gusta\codenation\nodejs-12\node_modules\jest-jasmine2\build\queueRunner.js:45:12
    at new Promise (&lt;anonymous&gt;)
    at mapper (C:\Users\gusta\codenation\nodejs-12\node_modules\jest-jasmine2\build\queueRunner.js:28:19)
    at C:\Users\gusta\codenation\nodejs-12\node_modules\jest-jasmine2\build\queueRunner.js:75:41
    at processTicksAndRejections (internal/process/task_queues.js:97:5)</failure>
    </testcase>
    <testcase classname="Get Shopping Cart Deve retornar um carrinho de compras a partir do array de IDs do exemplo 4" name="Get Shopping Cart Deve retornar um carrinho de compras a partir do array de IDs do exemplo 4" time="0.001">
      <failure>Error: expect(received).toEqual(expected) // deep equality

- Expected  - 3
+ Received  + 3

@@ -1,8 +1,8 @@
  Object {
-   &quot;discount&quot;: &quot;14.21%&quot;,
-   &quot;discountValue&quot;: &quot;130.00&quot;,
+   &quot;discount&quot;: &quot;0%&quot;,
+   &quot;discountValue&quot;: &quot;0&quot;,
    &quot;products&quot;: Array [
      Object {
        &quot;category&quot;: &quot;T-SHIRTS&quot;,
        &quot;name&quot;: &quot;PINK PANTHER™ T-SHIRT&quot;,
      },
@@ -26,7 +26,7 @@
        &quot;category&quot;: &quot;SHOES&quot;,
        &quot;name&quot;: &quot;SLINGBACK KITTEN HEEL SHOES WITH METAL DETAIL&quot;,
      },
    ],
    &quot;promotion&quot;: &quot;TRIPLE LOOK&quot;,
-   &quot;totalPrice&quot;: &quot;784.94&quot;,
+   &quot;totalPrice&quot;: &quot;914.94&quot;,
  }
    at Object.&lt;anonymous&gt; (C:\Users\gusta\codenation\nodejs-12\test\index.test.js:80:16)
    at Object.asyncJestTest (C:\Users\gusta\codenation\nodejs-12\node_modules\jest-jasmine2\build\jasmineAsyncInstall.js:100:37)
    at C:\Users\gusta\codenation\nodejs-12\node_modules\jest-jasmine2\build\queueRunner.js:45:12
    at new Promise (&lt;anonymous&gt;)
    at mapper (C:\Users\gusta\codenation\nodejs-12\node_modules\jest-jasmine2\build\queueRunner.js:28:19)
    at C:\Users\gusta\codenation\nodejs-12\node_modules\jest-jasmine2\build\queueRunner.js:75:41
    at processTicksAndRejections (internal/process/task_queues.js:97:5)</failure>
    </testcase>
  </testsuite>
</testsuites>